2018-06-25T14:19:27.6NZ mysqld_safe Logging to '/Applications/mampstack-7.1.18-1/mysql/data/mysqld.log'.
2018-06-25T14:19:27.6NZ mysqld_safe Starting mysqld.bin daemon with databases from /Applications/mampstack-7.1.18-1/mysql/data
2018-06-25T14:19:27.627805Z 0 [Warning] TIMESTAMP with implicit DEFAULT value is deprecated. Please use --explicit_defaults_for_timestamp server option (see documentation for more details).
2018-06-25T14:19:27.628207Z 0 [Note] --secure-file-priv is set to NULL. Operations related to importing and exporting data are disabled
2018-06-25T14:19:27.628301Z 0 [Note] /Applications/mampstack-7.1.18-1/mysql/bin/mysqld.bin (mysqld 5.7.22) starting as process 95375 ...
2018-06-25T14:19:27.635870Z 0 [Note] InnoDB: Mutexes and rw_locks use GCC atomic builtins
2018-06-25T14:19:27.635895Z 0 [Note] InnoDB: Uses event mutexes
2018-06-25T14:19:27.635901Z 0 [Note] InnoDB: GCC builtin __atomic_thread_fence() is used for memory barrier
2018-06-25T14:19:27.635907Z 0 [Note] InnoDB: Compressed tables use zlib 1.2.3
2018-06-25T14:19:27.636332Z 0 [Note] InnoDB: Number of pools: 1
2018-06-25T14:19:27.636479Z 0 [Note] InnoDB: Using CPU crc32 instructions
2018-06-25T14:19:27.638257Z 0 [Note] InnoDB: Initializing buffer pool, total size = 128M, instances = 1, chunk size = 128M
2018-06-25T14:19:27.655205Z 0 [Note] InnoDB: Completed initialization of buffer pool
2018-06-25T14:19:27.678543Z 0 [Note] InnoDB: Highest supported file format is Barracuda.
2018-06-25T14:19:27.688203Z 0 [Note] InnoDB: Creating shared tablespace for temporary tables
2018-06-25T14:19:27.688374Z 0 [Note] InnoDB: Setting file './ibtmp1' size to 12 MB. Physically writing the file full; Please wait ...
2018-06-25T14:19:27.711438Z 0 [Note] InnoDB: File './ibtmp1' size is now 12 MB.
2018-06-25T14:19:27.713070Z 0 [Note] InnoDB: 96 redo rollback segment(s) found. 96 redo rollback segment(s) are active.
2018-06-25T14:19:27.713103Z 0 [Note] InnoDB: 32 non-redo rollback segment(s) are active.
2018-06-25T14:19:27.713601Z 0 [Note] InnoDB: 5.7.22 started; log sequence number 2589679
2018-06-25T14:19:27.713776Z 0 [Note] InnoDB: Loading buffer pool(s) from /Applications/mampstack-7.1.18-1/mysql/data/ib_buffer_pool
2018-06-25T14:19:27.713975Z 0 [Note] Plugin 'FEDERATED' is disabled.
2018-06-25T14:19:27.717911Z 0 [Note] InnoDB: Buffer pool(s) load completed at 180625 23:19:27
2018-06-25T14:19:27.726241Z 0 [Warning] Failed to set up SSL because of the following SSL library error: SSL context is not usable without certificate and private key
2018-06-25T14:19:27.726332Z 0 [Note] Server hostname (bind-address): '127.0.0.1'; port: 3306
2018-06-25T14:19:27.726994Z 0 [Note]   - '127.0.0.1' resolves to '127.0.0.1';
2018-06-25T14:19:27.727181Z 0 [Note] Server socket created on IP: '127.0.0.1'.
2018-06-25T14:19:27.733190Z 0 [Warning] 'user' entry 'root@localhost' ignored in --skip-name-resolve mode.
2018-06-25T14:19:27.733250Z 0 [Warning] 'user' entry 'mysql.session@localhost' ignored in --skip-name-resolve mode.
2018-06-25T14:19:27.733263Z 0 [Warning] 'user' entry 'mysql.sys@localhost' ignored in --skip-name-resolve mode.
2018-06-25T14:19:27.733295Z 0 [Warning] 'db' entry 'performance_schema mysql.session@localhost' ignored in --skip-name-resolve mode.
2018-06-25T14:19:27.733303Z 0 [Warning] 'db' entry 'sys mysql.sys@localhost' ignored in --skip-name-resolve mode.
2018-06-25T14:19:27.733330Z 0 [Warning] 'proxies_priv' entry '@ root@localhost' ignored in --skip-name-resolve mode.
2018-06-25T14:19:27.735856Z 0 [Warning] 'tables_priv' entry 'user mysql.session@localhost' ignored in --skip-name-resolve mode.
2018-06-25T14:19:27.735895Z 0 [Warning] 'tables_priv' entry 'sys_config mysql.sys@localhost' ignored in --skip-name-resolve mode.
2018-06-25T14:19:27.750011Z 0 [Note] Event Scheduler: Loaded 0 events
2018-06-25T14:19:27.750192Z 0 [Note] /Applications/mampstack-7.1.18-1/mysql/bin/mysqld.bin: ready for connections.
Version: '5.7.22'  socket: '/Applications/mampstack-7.1.18-1/mysql/tmp/mysql.sock'  port: 3306  MySQL Community Server (GPL)
2018-06-26T10:50:43.6NZ mysqld_safe Logging to '/Applications/mampstack-7.1.18-1/mysql/data/mysqld.log'.
2018-06-26T10:50:43.6NZ mysqld_safe Starting mysqld.bin daemon with databases from /Applications/mampstack-7.1.18-1/mysql/data
2018-06-26T10:50:43.919809Z 0 [Warning] TIMESTAMP with implicit DEFAULT value is deprecated. Please use --explicit_defaults_for_timestamp server option (see documentation for more details).
2018-06-26T10:50:43.921312Z 0 [Note] --secure-file-priv is set to NULL. Operations related to importing and exporting data are disabled
2018-06-26T10:50:43.921994Z 0 [Note] /Applications/mampstack-7.1.18-1/mysql/bin/mysqld.bin (mysqld 5.7.22) starting as process 17034 ...
2018-06-26T10:50:43.945368Z 0 [Note] InnoDB: Mutexes and rw_locks use GCC atomic builtins
2018-06-26T10:50:43.945413Z 0 [Note] InnoDB: Uses event mutexes
2018-06-26T10:50:43.945420Z 0 [Note] InnoDB: GCC builtin __atomic_thread_fence() is used for memory barrier
2018-06-26T10:50:43.945426Z 0 [Note] InnoDB: Compressed tables use zlib 1.2.3
2018-06-26T10:50:43.947199Z 0 [Note] InnoDB: Number of pools: 1
2018-06-26T10:50:43.949968Z 0 [Note] InnoDB: Using CPU crc32 instructions
2018-06-26T10:50:43.953268Z 0 [Note] InnoDB: Initializing buffer pool, total size = 128M, instances = 1, chunk size = 128M
2018-06-26T10:50:43.975948Z 0 [Note] InnoDB: Completed initialization of buffer pool
2018-06-26T10:50:44.002470Z 0 [Note] InnoDB: Highest supported file format is Barracuda.
2018-06-26T10:50:44.007422Z 0 [Note] InnoDB: Log scan progressed past the checkpoint lsn 2589714
2018-06-26T10:50:44.007457Z 0 [Note] InnoDB: Doing recovery: scanned up to log sequence number 2589723
2018-06-26T10:50:44.007480Z 0 [Note] InnoDB: Database was not shutdown normally!
2018-06-26T10:50:44.007493Z 0 [Note] InnoDB: Starting crash recovery.
2018-06-26T10:50:44.155492Z 0 [Note] InnoDB: Removed temporary tablespace data file: "ibtmp1"
2018-06-26T10:50:44.155516Z 0 [Note] InnoDB: Creating shared tablespace for temporary tables
2018-06-26T10:50:44.155636Z 0 [Note] InnoDB: Setting file './ibtmp1' size to 12 MB. Physically writing the file full; Please wait ...
2018-06-26T10:50:44.173080Z 0 [Note] InnoDB: File './ibtmp1' size is now 12 MB.
2018-06-26T10:50:44.174160Z 0 [Note] InnoDB: 96 redo rollback segment(s) found. 96 redo rollback segment(s) are active.
2018-06-26T10:50:44.174180Z 0 [Note] InnoDB: 32 non-redo rollback segment(s) are active.
2018-06-26T10:50:44.174489Z 0 [Note] InnoDB: Waiting for purge to start
2018-06-26T10:50:44.226517Z 0 [Note] InnoDB: 5.7.22 started; log sequence number 2589723
2018-06-26T10:50:44.227095Z 0 [Note] InnoDB: Loading buffer pool(s) from /Applications/mampstack-7.1.18-1/mysql/data/ib_buffer_pool
2018-06-26T10:50:44.228539Z 0 [Note] Plugin 'FEDERATED' is disabled.
2018-06-26T10:50:44.238259Z 0 [Note] InnoDB: Buffer pool(s) load completed at 180626 19:50:44
2018-06-26T10:50:44.247574Z 0 [Warning] Failed to set up SSL because of the following SSL library error: SSL context is not usable without certificate and private key
2018-06-26T10:50:44.247612Z 0 [Note] Server hostname (bind-address): '127.0.0.1'; port: 3306
2018-06-26T10:50:44.248427Z 0 [Note]   - '127.0.0.1' resolves to '127.0.0.1';
2018-06-26T10:50:44.248713Z 0 [Note] Server socket created on IP: '127.0.0.1'.
2018-06-26T10:50:44.265303Z 0 [Warning] 'user' entry 'root@localhost' ignored in --skip-name-resolve mode.
2018-06-26T10:50:44.265563Z 0 [Warning] 'user' entry 'mysql.session@localhost' ignored in --skip-name-resolve mode.
2018-06-26T10:50:44.265606Z 0 [Warning] 'user' entry 'mysql.sys@localhost' ignored in --skip-name-resolve mode.
2018-06-26T10:50:44.265926Z 0 [Warning] 'db' entry 'performance_schema mysql.session@localhost' ignored in --skip-name-resolve mode.
2018-06-26T10:50:44.265962Z 0 [Warning] 'db' entry 'sys mysql.sys@localhost' ignored in --skip-name-resolve mode.
2018-06-26T10:50:44.266355Z 0 [Warning] 'proxies_priv' entry '@ root@localhost' ignored in --skip-name-resolve mode.
2018-06-26T10:50:44.286793Z 0 [Warning] 'tables_priv' entry 'user mysql.session@localhost' ignored in --skip-name-resolve mode.
2018-06-26T10:50:44.286840Z 0 [Warning] 'tables_priv' entry 'sys_config mysql.sys@localhost' ignored in --skip-name-resolve mode.
2018-06-26T10:50:44.371969Z 0 [Note] Event Scheduler: Loaded 0 events
2018-06-26T10:50:44.372162Z 0 [Note] /Applications/mampstack-7.1.18-1/mysql/bin/mysqld.bin: ready for connections.
Version: '5.7.22'  socket: '/Applications/mampstack-7.1.18-1/mysql/tmp/mysql.sock'  port: 3306  MySQL Community Server (GPL)
2018-06-30T07:16:18.6NZ mysqld_safe Logging to '/Applications/mampstack-7.1.18-1/mysql/data/mysqld.log'.
2018-06-30T07:16:18.6NZ mysqld_safe Starting mysqld.bin daemon with databases from /Applications/mampstack-7.1.18-1/mysql/data
2018-06-30T07:16:18.407733Z 0 [Warning] TIMESTAMP with implicit DEFAULT value is deprecated. Please use --explicit_defaults_for_timestamp server option (see documentation for more details).
2018-06-30T07:16:18.409418Z 0 [Note] --secure-file-priv is set to NULL. Operations related to importing and exporting data are disabled
2018-06-30T07:16:18.410071Z 0 [Note] /Applications/mampstack-7.1.18-1/mysql/bin/mysqld.bin (mysqld 5.7.22) starting as process 69517 ...
2018-06-30T07:16:18.435094Z 0 [Note] InnoDB: Mutexes and rw_locks use GCC atomic builtins
2018-06-30T07:16:18.435189Z 0 [Note] InnoDB: Uses event mutexes
2018-06-30T07:16:18.435233Z 0 [Note] InnoDB: GCC builtin __atomic_thread_fence() is used for memory barrier
2018-06-30T07:16:18.435252Z 0 [Note] InnoDB: Compressed tables use zlib 1.2.3
2018-06-30T07:16:18.438299Z 0 [Note] InnoDB: Number of pools: 1
2018-06-30T07:16:18.440769Z 0 [Note] InnoDB: Using CPU crc32 instructions
2018-06-30T07:16:18.442721Z 0 [Note] InnoDB: Initializing buffer pool, total size = 128M, instances = 1, chunk size = 128M
2018-06-30T07:16:18.463402Z 0 [Note] InnoDB: Completed initialization of buffer pool
2018-06-30T07:16:18.487417Z 0 [Note] InnoDB: Highest supported file format is Barracuda.
2018-06-30T07:16:18.492176Z 0 [Note] InnoDB: Log scan progressed past the checkpoint lsn 2589742
2018-06-30T07:16:18.492212Z 0 [Note] InnoDB: Doing recovery: scanned up to log sequence number 2589751
2018-06-30T07:16:18.492235Z 0 [Note] InnoDB: Database was not shutdown normally!
2018-06-30T07:16:18.492246Z 0 [Note] InnoDB: Starting crash recovery.
2018-06-30T07:16:18.643150Z 0 [Note] InnoDB: Removed temporary tablespace data file: "ibtmp1"
2018-06-30T07:16:18.643191Z 0 [Note] InnoDB: Creating shared tablespace for temporary tables
2018-06-30T07:16:18.643512Z 0 [Note] InnoDB: Setting file './ibtmp1' size to 12 MB. Physically writing the file full; Please wait ...
2018-06-30T07:16:18.661380Z 0 [Note] InnoDB: File './ibtmp1' size is now 12 MB.
2018-06-30T07:16:18.662446Z 0 [Note] InnoDB: 96 redo rollback segment(s) found. 96 redo rollback segment(s) are active.
2018-06-30T07:16:18.662464Z 0 [Note] InnoDB: 32 non-redo rollback segment(s) are active.
2018-06-30T07:16:18.662739Z 0 [Note] InnoDB: Waiting for purge to start
2018-06-30T07:16:18.714501Z 0 [Note] InnoDB: 5.7.22 started; log sequence number 2589751
2018-06-30T07:16:18.714868Z 0 [Note] InnoDB: Loading buffer pool(s) from /Applications/mampstack-7.1.18-1/mysql/data/ib_buffer_pool
2018-06-30T07:16:18.717599Z 0 [Note] Plugin 'FEDERATED' is disabled.
2018-06-30T07:16:18.728965Z 0 [Note] InnoDB: Buffer pool(s) load completed at 180630 16:16:18
2018-06-30T07:16:18.741992Z 0 [Warning] Failed to set up SSL because of the following SSL library error: SSL context is not usable without certificate and private key
2018-06-30T07:16:18.742036Z 0 [Note] Server hostname (bind-address): '127.0.0.1'; port: 3306
2018-06-30T07:16:18.742737Z 0 [Note]   - '127.0.0.1' resolves to '127.0.0.1';
2018-06-30T07:16:18.742925Z 0 [Note] Server socket created on IP: '127.0.0.1'.
2018-06-30T07:16:18.758741Z 0 [Warning] 'user' entry 'root@localhost' ignored in --skip-name-resolve mode.
2018-06-30T07:16:18.759036Z 0 [Warning] 'user' entry 'mysql.session@localhost' ignored in --skip-name-resolve mode.
2018-06-30T07:16:18.759063Z 0 [Warning] 'user' entry 'mysql.sys@localhost' ignored in --skip-name-resolve mode.
2018-06-30T07:16:18.759324Z 0 [Warning] 'db' entry 'performance_schema mysql.session@localhost' ignored in --skip-name-resolve mode.
2018-06-30T07:16:18.759356Z 0 [Warning] 'db' entry 'sys mysql.sys@localhost' ignored in --skip-name-resolve mode.
2018-06-30T07:16:18.759575Z 0 [Warning] 'proxies_priv' entry '@ root@localhost' ignored in --skip-name-resolve mode.
2018-06-30T07:16:18.773561Z 0 [Warning] 'tables_priv' entry 'user mysql.session@localhost' ignored in --skip-name-resolve mode.
2018-06-30T07:16:18.773616Z 0 [Warning] 'tables_priv' entry 'sys_config mysql.sys@localhost' ignored in --skip-name-resolve mode.
2018-06-30T07:16:18.847886Z 0 [Note] Event Scheduler: Loaded 0 events
2018-06-30T07:16:18.848026Z 0 [Note] /Applications/mampstack-7.1.18-1/mysql/bin/mysqld.bin: ready for connections.
Version: '5.7.22'  socket: '/Applications/mampstack-7.1.18-1/mysql/tmp/mysql.sock'  port: 3306  MySQL Community Server (GPL)
2018-06-30T08:47:26.008143Z 0 [Note] InnoDB: page_cleaner: 1000ms intended loop took 1625581ms. The settings might not be optimal. (flushed=0 and evicted=0, during the time.)
2018-06-30T09:07:41.007317Z 0 [Note] InnoDB: page_cleaner: 1000ms intended loop took 1162704ms. The settings might not be optimal. (flushed=0 and evicted=0, during the time.)
2018-06-30T13:58:37.007771Z 0 [Note] InnoDB: page_cleaner: 1000ms intended loop took 10801996ms. The settings might not be optimal. (flushed=0 and evicted=0, during the time.)
2018-06-30T15:23:59.428335Z 0 [Note] InnoDB: page_cleaner: 1000ms intended loop took 5093120ms. The settings might not be optimal. (flushed=0 and evicted=0, during the time.)
2018-06-30T18:48:13.014378Z 0 [Note] InnoDB: page_cleaner: 1000ms intended loop took 10802053ms. The settings might not be optimal. (flushed=0 and evicted=0, during the time.)
2018-07-01T03:03:41.451395Z 0 [Note] InnoDB: page_cleaner: 1000ms intended loop took 29726332ms. The settings might not be optimal. (flushed=0 and evicted=0, during the time.)
2018-07-01T07:04:12.008939Z 0 [Note] InnoDB: page_cleaner: 1000ms intended loop took 283880ms. The settings might not be optimal. (flushed=0 and evicted=0, during the time.)
2018-07-01T07:16:46.005423Z 0 [Note] InnoDB: page_cleaner: 1000ms intended loop took 703687ms. The settings might not be optimal. (flushed=0 and evicted=0, during the time.)
2018-07-01T07:20:45.005223Z 0 [Note] InnoDB: page_cleaner: 1000ms intended loop took 186741ms. The settings might not be optimal. (flushed=0 and evicted=0, during the time.)
2018-07-01T07:21:46.008801Z 0 [Note] InnoDB: page_cleaner: 1000ms intended loop took 10690ms. The settings might not be optimal. (flushed=0 and evicted=0, during the time.)
2018-07-01T07:23:27.004985Z 0 [Note] InnoDB: page_cleaner: 1000ms intended loop took 48717ms. The settings might not be optimal. (flushed=0 and evicted=0, during the time.)
2018-07-01T11:46:44.004100Z 0 [Note] InnoDB: page_cleaner: 1000ms intended loop took 52660ms. The settings might not be optimal. (flushed=0 and evicted=0, during the time.)
2018-07-01T14:47:50.008398Z 0 [Note] InnoDB: page_cleaner: 1000ms intended loop took 10801579ms. The settings might not be optimal. (flushed=0 and evicted=0, during the time.)
2018-07-02T15:08:09.382845Z 0 [Note] InnoDB: page_cleaner: 1000ms intended loop took 87591116ms. The settings might not be optimal. (flushed=0 and evicted=0, during the time.)
2018-07-02T19:04:10.005613Z 0 [Note] InnoDB: page_cleaner: 1000ms intended loop took 10801992ms. The settings might not be optimal. (flushed=0 and evicted=0, during the time.)
2018-07-03T01:08:28.385079Z 0 [Note] InnoDB: page_cleaner: 1000ms intended loop took 21856285ms. The settings might not be optimal. (flushed=0 and evicted=0, during the time.)
2018-07-03T04:25:27.010823Z 0 [Note] InnoDB: page_cleaner: 1000ms intended loop took 7726876ms. The settings might not be optimal. (flushed=0 and evicted=0, during the time.)
2018-07-03T06:14:07.004623Z 0 [Note] InnoDB: page_cleaner: 1000ms intended loop took 3594255ms. The settings might not be optimal. (flushed=0 and evicted=0, during the time.)
2018-07-03T07:15:29.007422Z 0 [Note] InnoDB: page_cleaner: 1000ms intended loop took 3593579ms. The settings might not be optimal. (flushed=0 and evicted=0, during the time.)
2018-07-03T07:54:48.008136Z 0 [Note] InnoDB: page_cleaner: 1000ms intended loop took 2300710ms. The settings might not be optimal. (flushed=0 and evicted=0, during the time.)
2018-07-03T09:58:25.713837Z 0 [Note] Giving 0 client threads a chance to die gracefully
2018-07-03T09:58:25.714273Z 0 [Note] Shutting down slave threads
2018-07-03T09:58:25.714600Z 0 [Note] Forcefully disconnecting 0 remaining clients
2018-07-03T09:58:25.715025Z 0 [Note] Event Scheduler: Purging the queue. 0 events
2018-07-03T09:58:25.716995Z 0 [Note] Binlog end
2018-07-03T09:58:25.731752Z 0 [Note] Shutting down plugin 'ngram'
2018-07-03T09:58:25.731805Z 0 [Note] Shutting down plugin 'partition'
2018-07-03T09:58:25.731812Z 0 [Note] Shutting down plugin 'BLACKHOLE'
2018-07-03T09:58:25.733030Z 0 [Note] Shutting down plugin 'ARCHIVE'
2018-07-03T09:58:25.733061Z 0 [Note] Shutting down plugin 'PERFORMANCE_SCHEMA'
2018-07-03T09:58:25.733732Z 0 [Note] Shutting down plugin 'MRG_MYISAM'
2018-07-03T09:58:25.734064Z 0 [Note] Shutting down plugin 'MyISAM'
2018-07-03T09:58:25.734479Z 0 [Note] Shutting down plugin 'INNODB_SYS_VIRTUAL'
2018-07-03T09:58:25.735069Z 0 [Note] Shutting down plugin 'INNODB_SYS_DATAFILES'
2018-07-03T09:58:25.735101Z 0 [Note] Shutting down plugin 'INNODB_SYS_TABLESPACES'
2018-07-03T09:58:25.735109Z 0 [Note] Shutting down plugin 'INNODB_SYS_FOREIGN_COLS'
2018-07-03T09:58:25.735115Z 0 [Note] Shutting down plugin 'INNODB_SYS_FOREIGN'
2018-07-03T09:58:25.735121Z 0 [Note] Shutting down plugin 'INNODB_SYS_FIELDS'
2018-07-03T09:58:25.735127Z 0 [Note] Shutting down plugin 'INNODB_SYS_COLUMNS'
2018-07-03T09:58:25.735133Z 0 [Note] Shutting down plugin 'INNODB_SYS_INDEXES'
2018-07-03T09:58:25.735139Z 0 [Note] Shutting down plugin 'INNODB_SYS_TABLESTATS'
2018-07-03T09:58:25.735144Z 0 [Note] Shutting down plugin 'INNODB_SYS_TABLES'
2018-07-03T09:58:25.735150Z 0 [Note] Shutting down plugin 'INNODB_FT_INDEX_TABLE'
2018-07-03T09:58:25.735156Z 0 [Note] Shutting down plugin 'INNODB_FT_INDEX_CACHE'
2018-07-03T09:58:25.735162Z 0 [Note] Shutting down plugin 'INNODB_FT_CONFIG'
2018-07-03T09:58:25.735168Z 0 [Note] Shutting down plugin 'INNODB_FT_BEING_DELETED'
2018-07-03T09:58:25.735174Z 0 [Note] Shutting down plugin 'INNODB_FT_DELETED'
2018-07-03T09:58:25.735180Z 0 [Note] Shutting down plugin 'INNODB_FT_DEFAULT_STOPWORD'
2018-07-03T09:58:25.735186Z 0 [Note] Shutting down plugin 'INNODB_METRICS'
2018-07-03T09:58:25.735191Z 0 [Note] Shutting down plugin 'INNODB_TEMP_TABLE_INFO'
2018-07-03T09:58:25.735197Z 0 [Note] Shutting down plugin 'INNODB_BUFFER_POOL_STATS'
2018-07-03T09:58:25.735203Z 0 [Note] Shutting down plugin 'INNODB_BUFFER_PAGE_LRU'
2018-07-03T09:58:25.735209Z 0 [Note] Shutting down plugin 'INNODB_BUFFER_PAGE'
2018-07-03T09:58:25.735215Z 0 [Note] Shutting down plugin 'INNODB_CMP_PER_INDEX_RESET'
2018-07-03T09:58:25.735220Z 0 [Note] Shutting down plugin 'INNODB_CMP_PER_INDEX'
2018-07-03T09:58:25.735226Z 0 [Note] Shutting down plugin 'INNODB_CMPMEM_RESET'
2018-07-03T09:58:25.735232Z 0 [Note] Shutting down plugin 'INNODB_CMPMEM'
2018-07-03T09:58:25.735238Z 0 [Note] Shutting down plugin 'INNODB_CMP_RESET'
2018-07-03T09:58:25.735244Z 0 [Note] Shutting down plugin 'INNODB_CMP'
2018-07-03T09:58:25.735250Z 0 [Note] Shutting down plugin 'INNODB_LOCK_WAITS'
2018-07-03T09:58:25.735255Z 0 [Note] Shutting down plugin 'INNODB_LOCKS'
2018-07-03T09:58:25.735261Z 0 [Note] Shutting down plugin 'INNODB_TRX'
2018-07-03T09:58:25.735267Z 0 [Note] Shutting down plugin 'InnoDB'
2018-07-03T09:58:25.736727Z 0 [Note] InnoDB: FTS optimize thread exiting.
2018-07-03T09:58:25.737091Z 0 [Note] InnoDB: Starting shutdown...
2018-07-03T09:58:25.839556Z 0 [Note] InnoDB: Dumping buffer pool(s) to /Applications/mampstack-7.1.18-1/mysql/data/ib_buffer_pool
2018-07-03T09:58:25.840597Z 0 [Note] InnoDB: Buffer pool(s) dump completed at 180703 18:58:25
2018-07-03T09:58:27.122897Z 0 [Note] InnoDB: Shutdown completed; log sequence number 2589779
2018-07-03T09:58:27.123648Z 0 [Note] InnoDB: Removed temporary tablespace data file: "ibtmp1"
2018-07-03T09:58:27.123683Z 0 [Note] Shutting down plugin 'MEMORY'
2018-07-03T09:58:27.125030Z 0 [Note] Shutting down plugin 'CSV'
2018-07-03T09:58:27.125060Z 0 [Note] Shutting down plugin 'sha256_password'
2018-07-03T09:58:27.125956Z 0 [Note] Shutting down plugin 'mysql_native_password'
2018-07-03T09:58:27.128069Z 0 [Note] Shutting down plugin 'binlog'
2018-07-03T09:58:27.133001Z 0 [Note] /Applications/mampstack-7.1.18-1/mysql/bin/mysqld.bin: Shutdown complete

2018-07-03T09:58:27.6NZ mysqld_safe mysqld from pid file /Applications/mampstack-7.1.18-1/mysql/data/mysqld.pid ended
2018-07-03T09:58:31.6NZ mysqld_safe Logging to '/Applications/mampstack-7.1.18-1/mysql/data/mysqld.log'.
2018-07-03T09:58:31.6NZ mysqld_safe Starting mysqld.bin daemon with databases from /Applications/mampstack-7.1.18-1/mysql/data
2018-07-03T09:58:31.550226Z 0 [Warning] TIMESTAMP with implicit DEFAULT value is deprecated. Please use --explicit_defaults_for_timestamp server option (see documentation for more details).
2018-07-03T09:58:31.550622Z 0 [Note] --secure-file-priv is set to NULL. Operations related to importing and exporting data are disabled
2018-07-03T09:58:31.551944Z 0 [Note] /Applications/mampstack-7.1.18-1/mysql/bin/mysqld.bin (mysqld 5.7.22) starting as process 40128 ...
2018-07-03T09:58:31.578155Z 0 [Note] InnoDB: Mutexes and rw_locks use GCC atomic builtins
2018-07-03T09:58:31.578187Z 0 [Note] InnoDB: Uses event mutexes
2018-07-03T09:58:31.578194Z 0 [Note] InnoDB: GCC builtin __atomic_thread_fence() is used for memory barrier
2018-07-03T09:58:31.578201Z 0 [Note] InnoDB: Compressed tables use zlib 1.2.3
2018-07-03T09:58:31.579848Z 0 [Note] InnoDB: Number of pools: 1
2018-07-03T09:58:31.581098Z 0 [Note] InnoDB: Using CPU crc32 instructions
2018-07-03T09:58:31.583656Z 0 [Note] InnoDB: Initializing buffer pool, total size = 128M, instances = 1, chunk size = 128M
2018-07-03T09:58:31.598421Z 0 [Note] InnoDB: Completed initialization of buffer pool
2018-07-03T09:58:31.622466Z 0 [Note] InnoDB: Highest supported file format is Barracuda.
2018-07-03T09:58:31.653894Z 0 [Note] InnoDB: Creating shared tablespace for temporary tables
2018-07-03T09:58:31.654148Z 0 [Note] InnoDB: Setting file './ibtmp1' size to 12 MB. Physically writing the file full; Please wait ...
2018-07-03T09:58:31.673625Z 0 [Note] InnoDB: File './ibtmp1' size is now 12 MB.
2018-07-03T09:58:31.675269Z 0 [Note] InnoDB: 96 redo rollback segment(s) found. 96 redo rollback segment(s) are active.
2018-07-03T09:58:31.675294Z 0 [Note] InnoDB: 32 non-redo rollback segment(s) are active.
2018-07-03T09:58:31.675713Z 0 [Note] InnoDB: Waiting for purge to start
2018-07-03T09:58:31.729736Z 0 [Note] InnoDB: 5.7.22 started; log sequence number 2589779
2018-07-03T09:58:31.730052Z 0 [Note] InnoDB: Loading buffer pool(s) from /Applications/mampstack-7.1.18-1/mysql/data/ib_buffer_pool
2018-07-03T09:58:31.730328Z 0 [Note] Plugin 'FEDERATED' is disabled.
2018-07-03T09:58:31.744573Z 0 [Warning] Failed to set up SSL because of the following SSL library error: SSL context is not usable without certificate and private key
2018-07-03T09:58:31.744598Z 0 [Note] Server hostname (bind-address): '127.0.0.1'; port: 3306
2018-07-03T09:58:31.745190Z 0 [Note]   - '127.0.0.1' resolves to '127.0.0.1';
2018-07-03T09:58:31.745324Z 0 [Note] Server socket created on IP: '127.0.0.1'.
2018-07-03T09:58:31.746894Z 0 [Note] InnoDB: Buffer pool(s) load completed at 180703 18:58:31
2018-07-03T09:58:31.751409Z 0 [Warning] 'user' entry 'root@localhost' ignored in --skip-name-resolve mode.
2018-07-03T09:58:31.751714Z 0 [Warning] 'user' entry 'mysql.session@localhost' ignored in --skip-name-resolve mode.
2018-07-03T09:58:31.751739Z 0 [Warning] 'user' entry 'mysql.sys@localhost' ignored in --skip-name-resolve mode.
2018-07-03T09:58:31.752251Z 0 [Warning] 'db' entry 'performance_schema mysql.session@localhost' ignored in --skip-name-resolve mode.
2018-07-03T09:58:31.752281Z 0 [Warning] 'db' entry 'sys mysql.sys@localhost' ignored in --skip-name-resolve mode.
2018-07-03T09:58:31.752734Z 0 [Warning] 'proxies_priv' entry '@ root@localhost' ignored in --skip-name-resolve mode.
2018-07-03T09:58:31.759450Z 0 [Warning] 'tables_priv' entry 'user mysql.session@localhost' ignored in --skip-name-resolve mode.
2018-07-03T09:58:31.759499Z 0 [Warning] 'tables_priv' entry 'sys_config mysql.sys@localhost' ignored in --skip-name-resolve mode.
2018-07-03T09:58:31.803303Z 0 [Note] Event Scheduler: Loaded 0 events
2018-07-03T09:58:31.803445Z 0 [Note] /Applications/mampstack-7.1.18-1/mysql/bin/mysqld.bin: ready for connections.
Version: '5.7.22'  socket: '/Applications/mampstack-7.1.18-1/mysql/tmp/mysql.sock'  port: 3306  MySQL Community Server (GPL)
2018-07-03T10:45:35.005380Z 0 [Note] InnoDB: page_cleaner: 1000ms intended loop took 964137ms. The settings might not be optimal. (flushed=0 and evicted=0, during the time.)
2018-07-03T13:46:01.008794Z 0 [Note] InnoDB: page_cleaner: 1000ms intended loop took 10800926ms. The settings might not be optimal. (flushed=0 and evicted=0, during the time.)
2018-07-04T02:54:34.501934Z 0 [Note] InnoDB: page_cleaner: 1000ms intended loop took 47310462ms. The settings might not be optimal. (flushed=0 and evicted=0, during the time.)
2018-07-04T07:17:12.008157Z 0 [Note] InnoDB: page_cleaner: 1000ms intended loop took 59813ms. The settings might not be optimal. (flushed=0 and evicted=0, during the time.)
2018-07-04T07:34:15.009784Z 0 [Note] InnoDB: page_cleaner: 1000ms intended loop took 944636ms. The settings might not be optimal. (flushed=0 and evicted=0, during the time.)
2018-07-04T09:04:26.003814Z 0 [Note] InnoDB: page_cleaner: 1000ms intended loop took 307681ms. The settings might not be optimal. (flushed=0 and evicted=0, during the time.)
2018-07-04T10:28:13.011650Z 0 [Note] InnoDB: page_cleaner: 1000ms intended loop took 5000811ms. The settings might not be optimal. (flushed=0 and evicted=0, during the time.)
2018-07-04T17:51:43.010376Z 0 [Note] InnoDB: page_cleaner: 1000ms intended loop took 10803386ms. The settings might not be optimal. (flushed=0 and evicted=0, during the time.)
2018-07-06T13:07:41.405509Z 0 [Note] InnoDB: page_cleaner: 1000ms intended loop took 155755332ms. The settings might not be optimal. (flushed=0 and evicted=0, during the time.)
2018-07-07T01:17:13.012576Z 0 [Note] InnoDB: page_cleaner: 1000ms intended loop took 33561952ms. The settings might not be optimal. (flushed=0 and evicted=0, during the time.)
2018-07-10T12:39:32.6NZ mysqld_safe Logging to '/Applications/mampstack-7.1.18-1/mysql/data/mysqld.log'.
2018-07-10T12:39:32.6NZ mysqld_safe Starting mysqld.bin daemon with databases from /Applications/mampstack-7.1.18-1/mysql/data
2018-07-10T12:39:33.278513Z 0 [Warning] TIMESTAMP with implicit DEFAULT value is deprecated. Please use --explicit_defaults_for_timestamp server option (see documentation for more details).
2018-07-10T12:39:33.280285Z 0 [Note] --secure-file-priv is set to NULL. Operations related to importing and exporting data are disabled
2018-07-10T12:39:33.280966Z 0 [Note] /Applications/mampstack-7.1.18-1/mysql/bin/mysqld.bin (mysqld 5.7.22) starting as process 82879 ...
2018-07-10T12:39:33.302336Z 0 [Note] InnoDB: Mutexes and rw_locks use GCC atomic builtins
2018-07-10T12:39:33.302419Z 0 [Note] InnoDB: Uses event mutexes
2018-07-10T12:39:33.302436Z 0 [Note] InnoDB: GCC builtin __atomic_thread_fence() is used for memory barrier
2018-07-10T12:39:33.302454Z 0 [Note] InnoDB: Compressed tables use zlib 1.2.3
2018-07-10T12:39:33.304071Z 0 [Note] InnoDB: Number of pools: 1
2018-07-10T12:39:33.306043Z 0 [Note] InnoDB: Using CPU crc32 instructions
2018-07-10T12:39:33.307958Z 0 [Note] InnoDB: Initializing buffer pool, total size = 128M, instances = 1, chunk size = 128M
2018-07-10T12:39:33.328395Z 0 [Note] InnoDB: Completed initialization of buffer pool
2018-07-10T12:39:33.351849Z 0 [Note] InnoDB: Highest supported file format is Barracuda.
2018-07-10T12:39:33.354768Z 0 [Note] InnoDB: Log scan progressed past the checkpoint lsn 2589798
2018-07-10T12:39:33.354826Z 0 [Note] InnoDB: Doing recovery: scanned up to log sequence number 2589807
2018-07-10T12:39:33.354932Z 0 [Note] InnoDB: Database was not shutdown normally!
2018-07-10T12:39:33.354956Z 0 [Note] InnoDB: Starting crash recovery.
2018-07-10T12:39:33.507999Z 0 [Note] InnoDB: Removed temporary tablespace data file: "ibtmp1"
2018-07-10T12:39:33.508048Z 0 [Note] InnoDB: Creating shared tablespace for temporary tables
2018-07-10T12:39:33.508442Z 0 [Note] InnoDB: Setting file './ibtmp1' size to 12 MB. Physically writing the file full; Please wait ...
2018-07-10T12:39:33.526135Z 0 [Note] InnoDB: File './ibtmp1' size is now 12 MB.
2018-07-10T12:39:33.527547Z 0 [Note] InnoDB: 96 redo rollback segment(s) found. 96 redo rollback segment(s) are active.
2018-07-10T12:39:33.527611Z 0 [Note] InnoDB: 32 non-redo rollback segment(s) are active.
2018-07-10T12:39:33.527923Z 0 [Note] InnoDB: Waiting for purge to start
2018-07-10T12:39:33.581471Z 0 [Note] InnoDB: 5.7.22 started; log sequence number 2589807
2018-07-10T12:39:33.582155Z 0 [Note] InnoDB: Loading buffer pool(s) from /Applications/mampstack-7.1.18-1/mysql/data/ib_buffer_pool
2018-07-10T12:39:33.585020Z 0 [Note] Plugin 'FEDERATED' is disabled.
2018-07-10T12:39:33.595125Z 0 [Note] InnoDB: Buffer pool(s) load completed at 180710 21:39:33
2018-07-10T12:39:33.606588Z 0 [Warning] Failed to set up SSL because of the following SSL library error: SSL context is not usable without certificate and private key
2018-07-10T12:39:33.606709Z 0 [Note] Server hostname (bind-address): '127.0.0.1'; port: 3306
2018-07-10T12:39:33.607291Z 0 [Note]   - '127.0.0.1' resolves to '127.0.0.1';
2018-07-10T12:39:33.607442Z 0 [Note] Server socket created on IP: '127.0.0.1'.
2018-07-10T12:39:33.618457Z 0 [Warning] 'user' entry 'root@localhost' ignored in --skip-name-resolve mode.
2018-07-10T12:39:33.618782Z 0 [Warning] 'user' entry 'mysql.session@localhost' ignored in --skip-name-resolve mode.
2018-07-10T12:39:33.618844Z 0 [Warning] 'user' entry 'mysql.sys@localhost' ignored in --skip-name-resolve mode.
2018-07-10T12:39:33.619258Z 0 [Warning] 'db' entry 'performance_schema mysql.session@localhost' ignored in --skip-name-resolve mode.
2018-07-10T12:39:33.619311Z 0 [Warning] 'db' entry 'sys mysql.sys@localhost' ignored in --skip-name-resolve mode.
2018-07-10T12:39:33.619552Z 0 [Warning] 'proxies_priv' entry '@ root@localhost' ignored in --skip-name-resolve mode.
2018-07-10T12:39:33.630113Z 0 [Warning] 'tables_priv' entry 'user mysql.session@localhost' ignored in --skip-name-resolve mode.
2018-07-10T12:39:33.630213Z 0 [Warning] 'tables_priv' entry 'sys_config mysql.sys@localhost' ignored in --skip-name-resolve mode.
2018-07-10T12:39:33.700457Z 0 [Note] Event Scheduler: Loaded 0 events
2018-07-10T12:39:33.700619Z 0 [Note] /Applications/mampstack-7.1.18-1/mysql/bin/mysqld.bin: ready for connections.
Version: '5.7.22'  socket: '/Applications/mampstack-7.1.18-1/mysql/tmp/mysql.sock'  port: 3306  MySQL Community Server (GPL)
2018-07-10T13:15:04.423725Z 0 [Note] Giving 0 client threads a chance to die gracefully
2018-07-10T13:15:04.423776Z 0 [Note] Shutting down slave threads
2018-07-10T13:15:04.423800Z 0 [Note] Forcefully disconnecting 0 remaining clients
2018-07-10T13:15:04.423817Z 0 [Note] Event Scheduler: Purging the queue. 0 events
2018-07-10T13:15:04.423873Z 0 [Note] Binlog end
2018-07-10T13:15:04.424467Z 0 [Note] Shutting down plugin 'ngram'
2018-07-10T13:15:04.424506Z 0 [Note] Shutting down plugin 'partition'
2018-07-10T13:15:04.424522Z 0 [Note] Shutting down plugin 'BLACKHOLE'
2018-07-10T13:15:04.424536Z 0 [Note] Shutting down plugin 'ARCHIVE'
2018-07-10T13:15:04.424549Z 0 [Note] Shutting down plugin 'PERFORMANCE_SCHEMA'
2018-07-10T13:15:04.424582Z 0 [Note] Shutting down plugin 'MRG_MYISAM'
2018-07-10T13:15:04.424599Z 0 [Note] Shutting down plugin 'MyISAM'
2018-07-10T13:15:04.424641Z 0 [Note] Shutting down plugin 'INNODB_SYS_VIRTUAL'
2018-07-10T13:15:04.424657Z 0 [Note] Shutting down plugin 'INNODB_SYS_DATAFILES'
2018-07-10T13:15:04.424669Z 0 [Note] Shutting down plugin 'INNODB_SYS_TABLESPACES'
2018-07-10T13:15:04.424681Z 0 [Note] Shutting down plugin 'INNODB_SYS_FOREIGN_COLS'
2018-07-10T13:15:04.424745Z 0 [Note] Shutting down plugin 'INNODB_SYS_FOREIGN'
2018-07-10T13:15:04.424759Z 0 [Note] Shutting down plugin 'INNODB_SYS_FIELDS'
2018-07-10T13:15:04.424772Z 0 [Note] Shutting down plugin 'INNODB_SYS_COLUMNS'
2018-07-10T13:15:04.424784Z 0 [Note] Shutting down plugin 'INNODB_SYS_INDEXES'
2018-07-10T13:15:04.424797Z 0 [Note] Shutting down plugin 'INNODB_SYS_TABLESTATS'
2018-07-10T13:15:04.424810Z 0 [Note] Shutting down plugin 'INNODB_SYS_TABLES'
2018-07-10T13:15:04.424823Z 0 [Note] Shutting down plugin 'INNODB_FT_INDEX_TABLE'
2018-07-10T13:15:04.424835Z 0 [Note] Shutting down plugin 'INNODB_FT_INDEX_CACHE'
2018-07-10T13:15:04.424847Z 0 [Note] Shutting down plugin 'INNODB_FT_CONFIG'
2018-07-10T13:15:04.424859Z 0 [Note] Shutting down plugin 'INNODB_FT_BEING_DELETED'
2018-07-10T13:15:04.424870Z 0 [Note] Shutting down plugin 'INNODB_FT_DELETED'
2018-07-10T13:15:04.424883Z 0 [Note] Shutting down plugin 'INNODB_FT_DEFAULT_STOPWORD'
2018-07-10T13:15:04.424895Z 0 [Note] Shutting down plugin 'INNODB_METRICS'
2018-07-10T13:15:04.424907Z 0 [Note] Shutting down plugin 'INNODB_TEMP_TABLE_INFO'
2018-07-10T13:15:04.424919Z 0 [Note] Shutting down plugin 'INNODB_BUFFER_POOL_STATS'
2018-07-10T13:15:04.424931Z 0 [Note] Shutting down plugin 'INNODB_BUFFER_PAGE_LRU'
2018-07-10T13:15:04.424943Z 0 [Note] Shutting down plugin 'INNODB_BUFFER_PAGE'
2018-07-10T13:15:04.424955Z 0 [Note] Shutting down plugin 'INNODB_CMP_PER_INDEX_RESET'
2018-07-10T13:15:04.424967Z 0 [Note] Shutting down plugin 'INNODB_CMP_PER_INDEX'
2018-07-10T13:15:04.424979Z 0 [Note] Shutting down plugin 'INNODB_CMPMEM_RESET'
2018-07-10T13:15:04.424993Z 0 [Note] Shutting down plugin 'INNODB_CMPMEM'
2018-07-10T13:15:04.425005Z 0 [Note] Shutting down plugin 'INNODB_CMP_RESET'
2018-07-10T13:15:04.425018Z 0 [Note] Shutting down plugin 'INNODB_CMP'
2018-07-10T13:15:04.425031Z 0 [Note] Shutting down plugin 'INNODB_LOCK_WAITS'
2018-07-10T13:15:04.425044Z 0 [Note] Shutting down plugin 'INNODB_LOCKS'
2018-07-10T13:15:04.425058Z 0 [Note] Shutting down plugin 'INNODB_TRX'
2018-07-10T13:15:04.425074Z 0 [Note] Shutting down plugin 'InnoDB'
2018-07-10T13:15:04.425134Z 0 [Note] InnoDB: FTS optimize thread exiting.
2018-07-10T13:15:04.425242Z 0 [Note] InnoDB: Starting shutdown...
2018-07-10T13:15:04.527160Z 0 [Note] InnoDB: Dumping buffer pool(s) to /Applications/mampstack-7.1.18-1/mysql/data/ib_buffer_pool
2018-07-10T13:15:04.528694Z 0 [Note] InnoDB: Buffer pool(s) dump completed at 180710 22:15:04
2018-07-10T13:15:05.764523Z 0 [Note] InnoDB: Shutdown completed; log sequence number 2589835
2018-07-10T13:15:05.765734Z 0 [Note] InnoDB: Removed temporary tablespace data file: "ibtmp1"
2018-07-10T13:15:05.765771Z 0 [Note] Shutting down plugin 'MEMORY'
2018-07-10T13:15:05.765786Z 0 [Note] Shutting down plugin 'CSV'
2018-07-10T13:15:05.765799Z 0 [Note] Shutting down plugin 'sha256_password'
2018-07-10T13:15:05.765810Z 0 [Note] Shutting down plugin 'mysql_native_password'
2018-07-10T13:15:05.765936Z 0 [Note] Shutting down plugin 'binlog'
2018-07-10T13:15:05.766302Z 0 [Note] /Applications/mampstack-7.1.18-1/mysql/bin/mysqld.bin: Shutdown complete

2018-07-10T13:15:05.6NZ mysqld_safe mysqld from pid file /Applications/mampstack-7.1.18-1/mysql/data/mysqld.pid ended
2018-07-10T13:15:09.6NZ mysqld_safe Logging to '/Applications/mampstack-7.1.18-1/mysql/data/mysqld.log'.
2018-07-10T13:15:09.6NZ mysqld_safe Starting mysqld.bin daemon with databases from /Applications/mampstack-7.1.18-1/mysql/data
2018-07-10T13:15:10.203066Z 0 [Warning] TIMESTAMP with implicit DEFAULT value is deprecated. Please use --explicit_defaults_for_timestamp server option (see documentation for more details).
2018-07-10T13:15:10.203489Z 0 [Note] --secure-file-priv is set to NULL. Operations related to importing and exporting data are disabled
2018-07-10T13:15:10.203554Z 0 [Note] /Applications/mampstack-7.1.18-1/mysql/bin/mysqld.bin (mysqld 5.7.22) starting as process 89848 ...
2018-07-10T13:15:10.209306Z 0 [Note] InnoDB: Mutexes and rw_locks use GCC atomic builtins
2018-07-10T13:15:10.209365Z 0 [Note] InnoDB: Uses event mutexes
2018-07-10T13:15:10.209430Z 0 [Note] InnoDB: GCC builtin __atomic_thread_fence() is used for memory barrier
2018-07-10T13:15:10.209454Z 0 [Note] InnoDB: Compressed tables use zlib 1.2.3
2018-07-10T13:15:10.209851Z 0 [Note] InnoDB: Number of pools: 1
2018-07-10T13:15:10.209970Z 0 [Note] InnoDB: Using CPU crc32 instructions
2018-07-10T13:15:10.211360Z 0 [Note] InnoDB: Initializing buffer pool, total size = 128M, instances = 1, chunk size = 128M
2018-07-10T13:15:10.228165Z 0 [Note] InnoDB: Completed initialization of buffer pool
2018-07-10T13:15:10.246705Z 0 [Note] InnoDB: Highest supported file format is Barracuda.
2018-07-10T13:15:10.257621Z 0 [Note] InnoDB: Creating shared tablespace for temporary tables
2018-07-10T13:15:10.257779Z 0 [Note] InnoDB: Setting file './ibtmp1' size to 12 MB. Physically writing the file full; Please wait ...
2018-07-10T13:15:10.272910Z 0 [Note] InnoDB: File './ibtmp1' size is now 12 MB.
2018-07-10T13:15:10.274376Z 0 [Note] InnoDB: 96 redo rollback segment(s) found. 96 redo rollback segment(s) are active.
2018-07-10T13:15:10.274422Z 0 [Note] InnoDB: 32 non-redo rollback segment(s) are active.
2018-07-10T13:15:10.274817Z 0 [Note] InnoDB: Waiting for purge to start
2018-07-10T13:15:10.330002Z 0 [Note] InnoDB: 5.7.22 started; log sequence number 2589835
2018-07-10T13:15:10.330284Z 0 [Note] InnoDB: Loading buffer pool(s) from /Applications/mampstack-7.1.18-1/mysql/data/ib_buffer_pool
2018-07-10T13:15:10.330439Z 0 [Note] Plugin 'FEDERATED' is disabled.
2018-07-10T13:15:10.333799Z 0 [Note] InnoDB: Buffer pool(s) load completed at 180710 22:15:10
2018-07-10T13:15:10.340340Z 0 [Warning] Failed to set up SSL because of the following SSL library error: SSL context is not usable without certificate and private key
2018-07-10T13:15:10.340389Z 0 [Note] Server hostname (bind-address): '127.0.0.1'; port: 3306
2018-07-10T13:15:10.340881Z 0 [Note]   - '127.0.0.1' resolves to '127.0.0.1';
2018-07-10T13:15:10.341104Z 0 [Note] Server socket created on IP: '127.0.0.1'.
2018-07-10T13:15:10.348217Z 0 [Warning] 'user' entry 'root@localhost' ignored in --skip-name-resolve mode.
2018-07-10T13:15:10.348291Z 0 [Warning] 'user' entry 'mysql.session@localhost' ignored in --skip-name-resolve mode.
2018-07-10T13:15:10.348314Z 0 [Warning] 'user' entry 'mysql.sys@localhost' ignored in --skip-name-resolve mode.
2018-07-10T13:15:10.348348Z 0 [Warning] 'db' entry 'performance_schema mysql.session@localhost' ignored in --skip-name-resolve mode.
2018-07-10T13:15:10.348365Z 0 [Warning] 'db' entry 'sys mysql.sys@localhost' ignored in --skip-name-resolve mode.
2018-07-10T13:15:10.348393Z 0 [Warning] 'proxies_priv' entry '@ root@localhost' ignored in --skip-name-resolve mode.
2018-07-10T13:15:10.356747Z 0 [Warning] 'tables_priv' entry 'user mysql.session@localhost' ignored in --skip-name-resolve mode.
2018-07-10T13:15:10.356806Z 0 [Warning] 'tables_priv' entry 'sys_config mysql.sys@localhost' ignored in --skip-name-resolve mode.
2018-07-10T13:15:10.415249Z 0 [Note] Event Scheduler: Loaded 0 events
2018-07-10T13:15:10.415407Z 0 [Note] /Applications/mampstack-7.1.18-1/mysql/bin/mysqld.bin: ready for connections.
Version: '5.7.22'  socket: '/Applications/mampstack-7.1.18-1/mysql/tmp/mysql.sock'  port: 3306  MySQL Community Server (GPL)
2018-08-07T04:46:48.6NZ mysqld_safe Logging to '/Applications/mampstack-7.1.18-1/mysql/data/mysqld.log'.
2018-08-07T04:46:48.6NZ mysqld_safe Starting mysqld.bin daemon with databases from /Applications/mampstack-7.1.18-1/mysql/data
2018-08-07T04:46:48.426808Z 0 [Warning] TIMESTAMP with implicit DEFAULT value is deprecated. Please use --explicit_defaults_for_timestamp server option (see documentation for more details).
2018-08-07T04:46:48.428548Z 0 [Note] --secure-file-priv is set to NULL. Operations related to importing and exporting data are disabled
2018-08-07T04:46:48.429155Z 0 [Note] /Applications/mampstack-7.1.18-1/mysql/bin/mysqld.bin (mysqld 5.7.22) starting as process 4514 ...
2018-08-07T04:46:48.449867Z 0 [Note] InnoDB: Mutexes and rw_locks use GCC atomic builtins
2018-08-07T04:46:48.449935Z 0 [Note] InnoDB: Uses event mutexes
2018-08-07T04:46:48.449990Z 0 [Note] InnoDB: GCC builtin __atomic_thread_fence() is used for memory barrier
2018-08-07T04:46:48.450011Z 0 [Note] InnoDB: Compressed tables use zlib 1.2.3
2018-08-07T04:46:48.451793Z 0 [Note] InnoDB: Number of pools: 1
2018-08-07T04:46:48.454094Z 0 [Note] InnoDB: Using CPU crc32 instructions
2018-08-07T04:46:48.455553Z 0 [Note] InnoDB: Initializing buffer pool, total size = 128M, instances = 1, chunk size = 128M
2018-08-07T04:46:48.472243Z 0 [Note] InnoDB: Completed initialization of buffer pool
2018-08-07T04:46:48.497566Z 0 [Note] InnoDB: Highest supported file format is Barracuda.
2018-08-07T04:46:48.499937Z 0 [Note] InnoDB: Log scan progressed past the checkpoint lsn 2589854
2018-08-07T04:46:48.499994Z 0 [Note] InnoDB: Doing recovery: scanned up to log sequence number 2589863
2018-08-07T04:46:48.500024Z 0 [Note] InnoDB: Database was not shutdown normally!
2018-08-07T04:46:48.500044Z 0 [Note] InnoDB: Starting crash recovery.
2018-08-07T04:46:48.645909Z 0 [Note] InnoDB: Removed temporary tablespace data file: "ibtmp1"
2018-08-07T04:46:48.645952Z 0 [Note] InnoDB: Creating shared tablespace for temporary tables
2018-08-07T04:46:48.646108Z 0 [Note] InnoDB: Setting file './ibtmp1' size to 12 MB. Physically writing the file full; Please wait ...
2018-08-07T04:46:48.663976Z 0 [Note] InnoDB: File './ibtmp1' size is now 12 MB.
2018-08-07T04:46:48.665883Z 0 [Note] InnoDB: 96 redo rollback segment(s) found. 96 redo rollback segment(s) are active.
2018-08-07T04:46:48.665930Z 0 [Note] InnoDB: 32 non-redo rollback segment(s) are active.
2018-08-07T04:46:48.666235Z 0 [Note] InnoDB: Waiting for purge to start
2018-08-07T04:46:48.720835Z 0 [Note] InnoDB: 5.7.22 started; log sequence number 2589863
2018-08-07T04:46:48.721269Z 0 [Note] InnoDB: Loading buffer pool(s) from /Applications/mampstack-7.1.18-1/mysql/data/ib_buffer_pool
2018-08-07T04:46:48.724184Z 0 [Note] Plugin 'FEDERATED' is disabled.
2018-08-07T04:46:48.731857Z 0 [Note] InnoDB: Buffer pool(s) load completed at 180807 13:46:48
2018-08-07T04:46:48.743422Z 0 [Warning] Failed to set up SSL because of the following SSL library error: SSL context is not usable without certificate and private key
2018-08-07T04:46:48.743492Z 0 [Note] Server hostname (bind-address): '127.0.0.1'; port: 3306
2018-08-07T04:46:48.744109Z 0 [Note]   - '127.0.0.1' resolves to '127.0.0.1';
2018-08-07T04:46:48.744294Z 0 [Note] Server socket created on IP: '127.0.0.1'.
2018-08-07T04:46:48.754985Z 0 [Warning] 'user' entry 'root@localhost' ignored in --skip-name-resolve mode.
2018-08-07T04:46:48.755612Z 0 [Warning] 'user' entry 'mysql.session@localhost' ignored in --skip-name-resolve mode.
2018-08-07T04:46:48.755666Z 0 [Warning] 'user' entry 'mysql.sys@localhost' ignored in --skip-name-resolve mode.
2018-08-07T04:46:48.756034Z 0 [Warning] 'db' entry 'performance_schema mysql.session@localhost' ignored in --skip-name-resolve mode.
2018-08-07T04:46:48.756094Z 0 [Warning] 'db' entry 'sys mysql.sys@localhost' ignored in --skip-name-resolve mode.
2018-08-07T04:46:48.756664Z 0 [Warning] 'proxies_priv' entry '@ root@localhost' ignored in --skip-name-resolve mode.
2018-08-07T04:46:48.763803Z 0 [Warning] 'tables_priv' entry 'user mysql.session@localhost' ignored in --skip-name-resolve mode.
2018-08-07T04:46:48.763871Z 0 [Warning] 'tables_priv' entry 'sys_config mysql.sys@localhost' ignored in --skip-name-resolve mode.
2018-08-07T04:46:48.809694Z 0 [Note] Event Scheduler: Loaded 0 events
2018-08-07T04:46:48.809896Z 0 [Note] /Applications/mampstack-7.1.18-1/mysql/bin/mysqld.bin: ready for connections.
Version: '5.7.22'  socket: '/Applications/mampstack-7.1.18-1/mysql/tmp/mysql.sock'  port: 3306  MySQL Community Server (GPL)
2018-08-07T05:15:01.438303Z 0 [Note] Giving 0 client threads a chance to die gracefully
2018-08-07T05:15:01.438674Z 0 [Note] Shutting down slave threads
2018-08-07T05:15:01.439407Z 0 [Note] Forcefully disconnecting 0 remaining clients
2018-08-07T05:15:01.439448Z 0 [Note] Event Scheduler: Purging the queue. 0 events
2018-08-07T05:15:01.439507Z 0 [Note] Binlog end
2018-08-07T05:15:01.440762Z 0 [Note] Shutting down plugin 'ngram'
2018-08-07T05:15:01.442018Z 0 [Note] Shutting down plugin 'partition'
2018-08-07T05:15:01.442060Z 0 [Note] Shutting down plugin 'BLACKHOLE'
2018-08-07T05:15:01.442075Z 0 [Note] Shutting down plugin 'ARCHIVE'
2018-08-07T05:15:01.442086Z 0 [Note] Shutting down plugin 'PERFORMANCE_SCHEMA'
2018-08-07T05:15:01.442414Z 0 [Note] Shutting down plugin 'MRG_MYISAM'
2018-08-07T05:15:01.442664Z 0 [Note] Shutting down plugin 'MyISAM'
2018-08-07T05:15:01.442735Z 0 [Note] Shutting down plugin 'INNODB_SYS_VIRTUAL'
2018-08-07T05:15:01.442749Z 0 [Note] Shutting down plugin 'INNODB_SYS_DATAFILES'
2018-08-07T05:15:01.442759Z 0 [Note] Shutting down plugin 'INNODB_SYS_TABLESPACES'
2018-08-07T05:15:01.442768Z 0 [Note] Shutting down plugin 'INNODB_SYS_FOREIGN_COLS'
2018-08-07T05:15:01.442777Z 0 [Note] Shutting down plugin 'INNODB_SYS_FOREIGN'
2018-08-07T05:15:01.442786Z 0 [Note] Shutting down plugin 'INNODB_SYS_FIELDS'
2018-08-07T05:15:01.442796Z 0 [Note] Shutting down plugin 'INNODB_SYS_COLUMNS'
2018-08-07T05:15:01.442804Z 0 [Note] Shutting down plugin 'INNODB_SYS_INDEXES'
2018-08-07T05:15:01.442813Z 0 [Note] Shutting down plugin 'INNODB_SYS_TABLESTATS'
2018-08-07T05:15:01.442822Z 0 [Note] Shutting down plugin 'INNODB_SYS_TABLES'
2018-08-07T05:15:01.442831Z 0 [Note] Shutting down plugin 'INNODB_FT_INDEX_TABLE'
2018-08-07T05:15:01.442840Z 0 [Note] Shutting down plugin 'INNODB_FT_INDEX_CACHE'
2018-08-07T05:15:01.442849Z 0 [Note] Shutting down plugin 'INNODB_FT_CONFIG'
2018-08-07T05:15:01.442858Z 0 [Note] Shutting down plugin 'INNODB_FT_BEING_DELETED'
2018-08-07T05:15:01.442867Z 0 [Note] Shutting down plugin 'INNODB_FT_DELETED'
2018-08-07T05:15:01.442876Z 0 [Note] Shutting down plugin 'INNODB_FT_DEFAULT_STOPWORD'
2018-08-07T05:15:01.442885Z 0 [Note] Shutting down plugin 'INNODB_METRICS'
2018-08-07T05:15:01.442894Z 0 [Note] Shutting down plugin 'INNODB_TEMP_TABLE_INFO'
2018-08-07T05:15:01.442903Z 0 [Note] Shutting down plugin 'INNODB_BUFFER_POOL_STATS'
2018-08-07T05:15:01.442911Z 0 [Note] Shutting down plugin 'INNODB_BUFFER_PAGE_LRU'
2018-08-07T05:15:01.442920Z 0 [Note] Shutting down plugin 'INNODB_BUFFER_PAGE'
2018-08-07T05:15:01.442929Z 0 [Note] Shutting down plugin 'INNODB_CMP_PER_INDEX_RESET'
2018-08-07T05:15:01.442938Z 0 [Note] Shutting down plugin 'INNODB_CMP_PER_INDEX'
2018-08-07T05:15:01.442947Z 0 [Note] Shutting down plugin 'INNODB_CMPMEM_RESET'
2018-08-07T05:15:01.442956Z 0 [Note] Shutting down plugin 'INNODB_CMPMEM'
2018-08-07T05:15:01.442965Z 0 [Note] Shutting down plugin 'INNODB_CMP_RESET'
2018-08-07T05:15:01.442974Z 0 [Note] Shutting down plugin 'INNODB_CMP'
2018-08-07T05:15:01.442982Z 0 [Note] Shutting down plugin 'INNODB_LOCK_WAITS'
2018-08-07T05:15:01.442991Z 0 [Note] Shutting down plugin 'INNODB_LOCKS'
2018-08-07T05:15:01.443000Z 0 [Note] Shutting down plugin 'INNODB_TRX'
2018-08-07T05:15:01.443009Z 0 [Note] Shutting down plugin 'InnoDB'
2018-08-07T05:15:01.443717Z 0 [Note] InnoDB: FTS optimize thread exiting.
2018-08-07T05:15:01.443816Z 0 [Note] InnoDB: Starting shutdown...
2018-08-07T05:15:01.544798Z 0 [Note] InnoDB: Dumping buffer pool(s) to /Applications/mampstack-7.1.18-1/mysql/data/ib_buffer_pool
2018-08-07T05:15:01.547224Z 0 [Note] InnoDB: Buffer pool(s) dump completed at 180807 14:15:01
2018-08-07T05:15:02.816736Z 0 [Note] InnoDB: Shutdown completed; log sequence number 2589891
2018-08-07T05:15:02.818350Z 0 [Note] InnoDB: Removed temporary tablespace data file: "ibtmp1"
2018-08-07T05:15:02.818387Z 0 [Note] Shutting down plugin 'MEMORY'
2018-08-07T05:15:02.818407Z 0 [Note] Shutting down plugin 'CSV'
2018-08-07T05:15:02.818424Z 0 [Note] Shutting down plugin 'sha256_password'
2018-08-07T05:15:02.818440Z 0 [Note] Shutting down plugin 'mysql_native_password'
2018-08-07T05:15:02.818635Z 0 [Note] Shutting down plugin 'binlog'
2018-08-07T05:15:02.821264Z 0 [Note] /Applications/mampstack-7.1.18-1/mysql/bin/mysqld.bin: Shutdown complete

2018-08-07T05:15:02.6NZ mysqld_safe mysqld from pid file /Applications/mampstack-7.1.18-1/mysql/data/mysqld.pid ended
2018-08-07T05:15:06.6NZ mysqld_safe Logging to '/Applications/mampstack-7.1.18-1/mysql/data/mysqld.log'.
2018-08-07T05:15:06.6NZ mysqld_safe Starting mysqld.bin daemon with databases from /Applications/mampstack-7.1.18-1/mysql/data
2018-08-07T05:15:07.077740Z 0 [Warning] TIMESTAMP with implicit DEFAULT value is deprecated. Please use --explicit_defaults_for_timestamp server option (see documentation for more details).
2018-08-07T05:15:07.078166Z 0 [Note] --secure-file-priv is set to NULL. Operations related to importing and exporting data are disabled
2018-08-07T05:15:07.078257Z 0 [Note] /Applications/mampstack-7.1.18-1/mysql/bin/mysqld.bin (mysqld 5.7.22) starting as process 10174 ...
2018-08-07T05:15:07.090881Z 0 [Note] InnoDB: Mutexes and rw_locks use GCC atomic builtins
2018-08-07T05:15:07.090924Z 0 [Note] InnoDB: Uses event mutexes
2018-08-07T05:15:07.090940Z 0 [Note] InnoDB: GCC builtin __atomic_thread_fence() is used for memory barrier
2018-08-07T05:15:07.090983Z 0 [Note] InnoDB: Compressed tables use zlib 1.2.3
2018-08-07T05:15:07.091625Z 0 [Note] InnoDB: Number of pools: 1
2018-08-07T05:15:07.091917Z 0 [Note] InnoDB: Using CPU crc32 instructions
2018-08-07T05:15:07.093679Z 0 [Note] InnoDB: Initializing buffer pool, total size = 128M, instances = 1, chunk size = 128M
2018-08-07T05:15:07.107734Z 0 [Note] InnoDB: Completed initialization of buffer pool
2018-08-07T05:15:07.126514Z 0 [Note] InnoDB: Highest supported file format is Barracuda.
2018-08-07T05:15:07.141304Z 0 [Note] InnoDB: Creating shared tablespace for temporary tables
2018-08-07T05:15:07.141579Z 0 [Note] InnoDB: Setting file './ibtmp1' size to 12 MB. Physically writing the file full; Please wait ...
2018-08-07T05:15:07.163456Z 0 [Note] InnoDB: File './ibtmp1' size is now 12 MB.
2018-08-07T05:15:07.165601Z 0 [Note] InnoDB: 96 redo rollback segment(s) found. 96 redo rollback segment(s) are active.
2018-08-07T05:15:07.165658Z 0 [Note] InnoDB: 32 non-redo rollback segment(s) are active.
2018-08-07T05:15:07.166386Z 0 [Note] InnoDB: 5.7.22 started; log sequence number 2589891
2018-08-07T05:15:07.166583Z 0 [Note] InnoDB: Loading buffer pool(s) from /Applications/mampstack-7.1.18-1/mysql/data/ib_buffer_pool
2018-08-07T05:15:07.166816Z 0 [Note] Plugin 'FEDERATED' is disabled.
2018-08-07T05:15:07.171931Z 0 [Note] InnoDB: Buffer pool(s) load completed at 180807 14:15:07
2018-08-07T05:15:07.176509Z 0 [Warning] Failed to set up SSL because of the following SSL library error: SSL context is not usable without certificate and private key
2018-08-07T05:15:07.176564Z 0 [Note] Server hostname (bind-address): '127.0.0.1'; port: 3306
2018-08-07T05:15:07.176922Z 0 [Note]   - '127.0.0.1' resolves to '127.0.0.1';
2018-08-07T05:15:07.177076Z 0 [Note] Server socket created on IP: '127.0.0.1'.
2018-08-07T05:15:07.187636Z 0 [Warning] 'user' entry 'root@localhost' ignored in --skip-name-resolve mode.
2018-08-07T05:15:07.187727Z 0 [Warning] 'user' entry 'mysql.session@localhost' ignored in --skip-name-resolve mode.
2018-08-07T05:15:07.187762Z 0 [Warning] 'user' entry 'mysql.sys@localhost' ignored in --skip-name-resolve mode.
2018-08-07T05:15:07.187990Z 0 [Warning] 'db' entry 'performance_schema mysql.session@localhost' ignored in --skip-name-resolve mode.
2018-08-07T05:15:07.188067Z 0 [Warning] 'db' entry 'sys mysql.sys@localhost' ignored in --skip-name-resolve mode.
2018-08-07T05:15:07.188341Z 0 [Warning] 'proxies_priv' entry '@ root@localhost' ignored in --skip-name-resolve mode.
2018-08-07T05:15:07.196453Z 0 [Warning] 'tables_priv' entry 'user mysql.session@localhost' ignored in --skip-name-resolve mode.
2018-08-07T05:15:07.196683Z 0 [Warning] 'tables_priv' entry 'sys_config mysql.sys@localhost' ignored in --skip-name-resolve mode.
2018-08-07T05:15:07.259302Z 0 [Note] Event Scheduler: Loaded 0 events
2018-08-07T05:15:07.259516Z 0 [Note] /Applications/mampstack-7.1.18-1/mysql/bin/mysqld.bin: ready for connections.
Version: '5.7.22'  socket: '/Applications/mampstack-7.1.18-1/mysql/tmp/mysql.sock'  port: 3306  MySQL Community Server (GPL)
2018-08-07T05:17:27.209966Z 0 [Note] Giving 0 client threads a chance to die gracefully
2018-08-07T05:17:27.211064Z 0 [Note] Shutting down slave threads
2018-08-07T05:17:27.211110Z 0 [Note] Forcefully disconnecting 0 remaining clients
2018-08-07T05:17:27.211137Z 0 [Note] Event Scheduler: Purging the queue. 0 events
2018-08-07T05:17:27.211191Z 0 [Note] Binlog end
2018-08-07T05:17:27.212050Z 0 [Note] Shutting down plugin 'ngram'
2018-08-07T05:17:27.212091Z 0 [Note] Shutting down plugin 'partition'
2018-08-07T05:17:27.212110Z 0 [Note] Shutting down plugin 'BLACKHOLE'
2018-08-07T05:17:27.212128Z 0 [Note] Shutting down plugin 'ARCHIVE'
2018-08-07T05:17:27.212144Z 0 [Note] Shutting down plugin 'PERFORMANCE_SCHEMA'
2018-08-07T05:17:27.212189Z 0 [Note] Shutting down plugin 'MRG_MYISAM'
2018-08-07T05:17:27.212210Z 0 [Note] Shutting down plugin 'MyISAM'
2018-08-07T05:17:27.212264Z 0 [Note] Shutting down plugin 'INNODB_SYS_VIRTUAL'
2018-08-07T05:17:27.212279Z 0 [Note] Shutting down plugin 'INNODB_SYS_DATAFILES'
2018-08-07T05:17:27.212290Z 0 [Note] Shutting down plugin 'INNODB_SYS_TABLESPACES'
2018-08-07T05:17:27.212300Z 0 [Note] Shutting down plugin 'INNODB_SYS_FOREIGN_COLS'
2018-08-07T05:17:27.212310Z 0 [Note] Shutting down plugin 'INNODB_SYS_FOREIGN'
2018-08-07T05:17:27.212320Z 0 [Note] Shutting down plugin 'INNODB_SYS_FIELDS'
2018-08-07T05:17:27.212332Z 0 [Note] Shutting down plugin 'INNODB_SYS_COLUMNS'
2018-08-07T05:17:27.212342Z 0 [Note] Shutting down plugin 'INNODB_SYS_INDEXES'
2018-08-07T05:17:27.212353Z 0 [Note] Shutting down plugin 'INNODB_SYS_TABLESTATS'
2018-08-07T05:17:27.212363Z 0 [Note] Shutting down plugin 'INNODB_SYS_TABLES'
2018-08-07T05:17:27.212373Z 0 [Note] Shutting down plugin 'INNODB_FT_INDEX_TABLE'
2018-08-07T05:17:27.212383Z 0 [Note] Shutting down plugin 'INNODB_FT_INDEX_CACHE'
2018-08-07T05:17:27.212435Z 0 [Note] Shutting down plugin 'INNODB_FT_CONFIG'
2018-08-07T05:17:27.212454Z 0 [Note] Shutting down plugin 'INNODB_FT_BEING_DELETED'
2018-08-07T05:17:27.212471Z 0 [Note] Shutting down plugin 'INNODB_FT_DELETED'
2018-08-07T05:17:27.212487Z 0 [Note] Shutting down plugin 'INNODB_FT_DEFAULT_STOPWORD'
2018-08-07T05:17:27.212504Z 0 [Note] Shutting down plugin 'INNODB_METRICS'
2018-08-07T05:17:27.212520Z 0 [Note] Shutting down plugin 'INNODB_TEMP_TABLE_INFO'
2018-08-07T05:17:27.212536Z 0 [Note] Shutting down plugin 'INNODB_BUFFER_POOL_STATS'
2018-08-07T05:17:27.212552Z 0 [Note] Shutting down plugin 'INNODB_BUFFER_PAGE_LRU'
2018-08-07T05:17:27.212568Z 0 [Note] Shutting down plugin 'INNODB_BUFFER_PAGE'
2018-08-07T05:17:27.212584Z 0 [Note] Shutting down plugin 'INNODB_CMP_PER_INDEX_RESET'
2018-08-07T05:17:27.212600Z 0 [Note] Shutting down plugin 'INNODB_CMP_PER_INDEX'
2018-08-07T05:17:27.212617Z 0 [Note] Shutting down plugin 'INNODB_CMPMEM_RESET'
2018-08-07T05:17:27.212633Z 0 [Note] Shutting down plugin 'INNODB_CMPMEM'
2018-08-07T05:17:27.212649Z 0 [Note] Shutting down plugin 'INNODB_CMP_RESET'
2018-08-07T05:17:27.212665Z 0 [Note] Shutting down plugin 'INNODB_CMP'
2018-08-07T05:17:27.212681Z 0 [Note] Shutting down plugin 'INNODB_LOCK_WAITS'
2018-08-07T05:17:27.212697Z 0 [Note] Shutting down plugin 'INNODB_LOCKS'
2018-08-07T05:17:27.212714Z 0 [Note] Shutting down plugin 'INNODB_TRX'
2018-08-07T05:17:27.212730Z 0 [Note] Shutting down plugin 'InnoDB'
2018-08-07T05:17:27.212792Z 0 [Note] InnoDB: FTS optimize thread exiting.
2018-08-07T05:17:27.212883Z 0 [Note] InnoDB: Starting shutdown...
2018-08-07T05:17:27.317059Z 0 [Note] InnoDB: Dumping buffer pool(s) to /Applications/mampstack-7.1.18-1/mysql/data/ib_buffer_pool
2018-08-07T05:17:27.318280Z 0 [Note] InnoDB: Buffer pool(s) dump completed at 180807 14:17:27
2018-08-07T05:17:28.051640Z 0 [Note] InnoDB: Shutdown completed; log sequence number 2589919
2018-08-07T05:17:28.053605Z 0 [Note] InnoDB: Removed temporary tablespace data file: "ibtmp1"
2018-08-07T05:17:28.053655Z 0 [Note] Shutting down plugin 'MEMORY'
2018-08-07T05:17:28.053681Z 0 [Note] Shutting down plugin 'CSV'
2018-08-07T05:17:28.053704Z 0 [Note] Shutting down plugin 'sha256_password'
2018-08-07T05:17:28.053724Z 0 [Note] Shutting down plugin 'mysql_native_password'
2018-08-07T05:17:28.054012Z 0 [Note] Shutting down plugin 'binlog'
2018-08-07T05:17:28.054665Z 0 [Note] /Applications/mampstack-7.1.18-1/mysql/bin/mysqld.bin: Shutdown complete

2018-08-07T05:17:28.6NZ mysqld_safe mysqld from pid file /Applications/mampstack-7.1.18-1/mysql/data/mysqld.pid ended
2018-08-07T05:17:40.6NZ mysqld_safe Logging to '/Applications/mampstack-7.1.18-1/mysql/data/mysqld.log'.
2018-08-07T05:17:40.6NZ mysqld_safe Starting mysqld.bin daemon with databases from /Applications/mampstack-7.1.18-1/mysql/data
2018-08-07T05:17:40.345138Z 0 [Warning] TIMESTAMP with implicit DEFAULT value is deprecated. Please use --explicit_defaults_for_timestamp server option (see documentation for more details).
2018-08-07T05:17:40.345530Z 0 [Note] --secure-file-priv is set to NULL. Operations related to importing and exporting data are disabled
2018-08-07T05:17:40.345617Z 0 [Note] /Applications/mampstack-7.1.18-1/mysql/bin/mysqld.bin (mysqld 5.7.22) starting as process 11036 ...
2018-08-07T05:17:40.357865Z 0 [Note] InnoDB: Mutexes and rw_locks use GCC atomic builtins
2018-08-07T05:17:40.357943Z 0 [Note] InnoDB: Uses event mutexes
2018-08-07T05:17:40.357972Z 0 [Note] InnoDB: GCC builtin __atomic_thread_fence() is used for memory barrier
2018-08-07T05:17:40.358000Z 0 [Note] InnoDB: Compressed tables use zlib 1.2.3
2018-08-07T05:17:40.358575Z 0 [Note] InnoDB: Number of pools: 1
2018-08-07T05:17:40.358807Z 0 [Note] InnoDB: Using CPU crc32 instructions
2018-08-07T05:17:40.360836Z 0 [Note] InnoDB: Initializing buffer pool, total size = 128M, instances = 1, chunk size = 128M
2018-08-07T05:17:40.374464Z 0 [Note] InnoDB: Completed initialization of buffer pool
2018-08-07T05:17:40.392057Z 0 [Note] InnoDB: Highest supported file format is Barracuda.
2018-08-07T05:17:40.404633Z 0 [Note] InnoDB: Creating shared tablespace for temporary tables
2018-08-07T05:17:40.404853Z 0 [Note] InnoDB: Setting file './ibtmp1' size to 12 MB. Physically writing the file full; Please wait ...
2018-08-07T05:17:40.421295Z 0 [Note] InnoDB: File './ibtmp1' size is now 12 MB.
2018-08-07T05:17:40.422510Z 0 [Note] InnoDB: 96 redo rollback segment(s) found. 96 redo rollback segment(s) are active.
2018-08-07T05:17:40.422549Z 0 [Note] InnoDB: 32 non-redo rollback segment(s) are active.
2018-08-07T05:17:40.422846Z 0 [Note] InnoDB: Waiting for purge to start
2018-08-07T05:17:40.475225Z 0 [Note] InnoDB: 5.7.22 started; log sequence number 2589919
2018-08-07T05:17:40.475593Z 0 [Note] InnoDB: Loading buffer pool(s) from /Applications/mampstack-7.1.18-1/mysql/data/ib_buffer_pool
2018-08-07T05:17:40.475903Z 0 [Note] Plugin 'FEDERATED' is disabled.
2018-08-07T05:17:40.482552Z 0 [Note] InnoDB: Buffer pool(s) load completed at 180807 14:17:40
2018-08-07T05:17:40.489635Z 0 [Warning] Failed to set up SSL because of the following SSL library error: SSL context is not usable without certificate and private key
2018-08-07T05:17:40.489708Z 0 [Note] Server hostname (bind-address): '127.0.0.1'; port: 3306
2018-08-07T05:17:40.490465Z 0 [Note]   - '127.0.0.1' resolves to '127.0.0.1';
2018-08-07T05:17:40.490708Z 0 [Note] Server socket created on IP: '127.0.0.1'.
2018-08-07T05:17:40.503718Z 0 [Warning] 'user' entry 'root@localhost' ignored in --skip-name-resolve mode.
2018-08-07T05:17:40.503855Z 0 [Warning] 'user' entry 'mysql.session@localhost' ignored in --skip-name-resolve mode.
2018-08-07T05:17:40.503898Z 0 [Warning] 'user' entry 'mysql.sys@localhost' ignored in --skip-name-resolve mode.
2018-08-07T05:17:40.504326Z 0 [Warning] 'db' entry 'performance_schema mysql.session@localhost' ignored in --skip-name-resolve mode.
2018-08-07T05:17:40.504413Z 0 [Warning] 'db' entry 'sys mysql.sys@localhost' ignored in --skip-name-resolve mode.
2018-08-07T05:17:40.504732Z 0 [Warning] 'proxies_priv' entry '@ root@localhost' ignored in --skip-name-resolve mode.
2018-08-07T05:17:40.520474Z 0 [Warning] 'tables_priv' entry 'user mysql.session@localhost' ignored in --skip-name-resolve mode.
2018-08-07T05:17:40.520584Z 0 [Warning] 'tables_priv' entry 'sys_config mysql.sys@localhost' ignored in --skip-name-resolve mode.
2018-08-07T05:17:40.576035Z 0 [Note] Event Scheduler: Loaded 0 events
2018-08-07T05:17:40.576199Z 0 [Note] /Applications/mampstack-7.1.18-1/mysql/bin/mysqld.bin: ready for connections.
Version: '5.7.22'  socket: '/Applications/mampstack-7.1.18-1/mysql/tmp/mysql.sock'  port: 3306  MySQL Community Server (GPL)
